This is pdfTeX, Version 3.14159265-2.6-1.40.15 (TeX Live 2014) (preloaded format=pdflatex 2015.5.3)  3 MAY 2015 14:55
entering extended mode
 restricted \write18 enabled.
 %&-line parsing enabled.
**Bak.tex
(./Bak.tex
LaTeX2e <2011/06/27>
Babel <3.9k> and hyphenation patterns for 77 languages loaded.
(/usr/share/texlive/texmf-dist/tex/latex/base/article.cls
Document Class: article 2007/10/19 v1.4h Standard LaTeX document class
(/usr/share/texlive/texmf-dist/tex/latex/base/size12.clo
File: size12.clo 2007/10/19 v1.4h Standard LaTeX file (size option)
)
\c@part=\count79
\c@section=\count80
\c@subsection=\count81
\c@subsubsection=\count82
\c@paragraph=\count83
\c@subparagraph=\count84
\c@figure=\count85
\c@table=\count86
\abovecaptionskip=\skip41
\belowcaptionskip=\skip42
\bibindent=\dimen102
)
(/usr/share/texlive/texmf-dist/tex/latex/graphics/color.sty
Package: color 2005/11/14 v1.0j Standard LaTeX Color (DPC)

(/usr/share/texlive/texmf-dist/tex/latex/latexconfig/color.cfg
File: color.cfg 2007/01/18 v1.5 color configuration of teTeX/TeXLive
)
Package color Info: Driver file: pdftex.def on input line 130.

(/usr/share/texlive/texmf-dist/tex/latex/pdftex-def/pdftex.def
File: pdftex.def 2011/05/27 v0.06d Graphics/color for pdfTeX

(/usr/share/texlive/texmf-dist/tex/generic/oberdiek/infwarerr.sty
Package: infwarerr 2010/04/08 v1.3 Providing info/warning/error messages (HO)
)
(/usr/share/texlive/texmf-dist/tex/generic/oberdiek/ltxcmds.sty
Package: ltxcmds 2011/11/09 v1.22 LaTeX kernel commands for general use (HO)
)
\Gread@gobject=\count87
))
(/usr/share/texlive/texmf-dist/tex/generic/babel/babel.sty
Package: babel 2014/03/24 3.9k The Babel package

(/usr/share/texlive/texmf-dist/tex/generic/babel-czech/czech.ldf
Language: czech 2008/07/06 v3.1a Czech support from the babel system

(/usr/share/texlive/texmf-dist/tex/generic/babel/babel.def
File: babel.def 2014/03/24 3.9k Babel common definitions
\babel@savecnt=\count88
\U@D=\dimen103
)
Package babel Info: Making " an active character on input line 172.
\cs@wordlen=\count89
Package babel Info: Making - an active character on input line 226.
)) (./logdp.sty
Package: logdp 
\symmojecmr=\mathgroup4

\frenchspacing is now OFF.)
(/usr/share/texlive/texmf-dist/tex/latex/amscls/amsthm.sty
Package: amsthm 2004/08/06 v2.20
\thm@style=\toks14
\thm@bodyfont=\toks15
\thm@headfont=\toks16
\thm@notefont=\toks17
\thm@headpunct=\toks18
\thm@preskip=\skip43
\thm@postskip=\skip44
\thm@headsep=\skip45
\dth@everypar=\toks19
)
(/usr/share/texlive/texmf-dist/tex/latex/amsmath/amsmath.sty
Package: amsmath 2013/01/14 v2.14 AMS math features
\@mathmargin=\skip46

For additional information on amsmath, use the `?' option.
(/usr/share/texlive/texmf-dist/tex/latex/amsmath/amstext.sty
Package: amstext 2000/06/29 v2.01

(/usr/share/texlive/texmf-dist/tex/latex/amsmath/amsgen.sty
File: amsgen.sty 1999/11/30 v2.0
\@emptytoks=\toks20
\ex@=\dimen104
))
(/usr/share/texlive/texmf-dist/tex/latex/amsmath/amsbsy.sty
Package: amsbsy 1999/11/29 v1.2d
\pmbraise@=\dimen105
)
(/usr/share/texlive/texmf-dist/tex/latex/amsmath/amsopn.sty
Package: amsopn 1999/12/14 v2.01 operator names
)
\inf@bad=\count90
LaTeX Info: Redefining \frac on input line 210.
\uproot@=\count91
\leftroot@=\count92
LaTeX Info: Redefining \overline on input line 306.
\classnum@=\count93
\DOTSCASE@=\count94
LaTeX Info: Redefining \ldots on input line 378.
LaTeX Info: Redefining \dots on input line 381.
LaTeX Info: Redefining \cdots on input line 466.
\Mathstrutbox@=\box26
\strutbox@=\box27
\big@size=\dimen106
LaTeX Font Info:    Redeclaring font encoding OML on input line 566.
LaTeX Font Info:    Redeclaring font encoding OMS on input line 567.
\macc@depth=\count95
\c@MaxMatrixCols=\count96
\dotsspace@=\muskip10
\c@parentequation=\count97
\dspbrk@lvl=\count98
\tag@help=\toks21
\row@=\count99
\column@=\count100
\maxfields@=\count101
\andhelp@=\toks22
\eqnshift@=\dimen107
\alignsep@=\dimen108
\tagshift@=\dimen109
\tagwidth@=\dimen110
\totwidth@=\dimen111
\lineht@=\dimen112
\@envbody=\toks23
\multlinegap=\skip47
\multlinetaggap=\skip48
\mathdisplay@stack=\toks24
LaTeX Info: Redefining \[ on input line 2665.
LaTeX Info: Redefining \] on input line 2666.
)
(/usr/share/texlive/texmf-dist/tex/latex/base/latexsym.sty
Package: latexsym 1998/08/17 v2.2e Standard LaTeX package (lasy symbols)
\symlasy=\mathgroup5
LaTeX Font Info:    Overwriting symbol font `lasy' in version `bold'
(Font)                  U/lasy/m/n --> U/lasy/b/n on input line 47.
)
(/usr/share/texlive/texmf-dist/tex/latex/amsfonts/amsfonts.sty
Package: amsfonts 2013/01/14 v3.01 Basic AMSFonts support
\symAMSa=\mathgroup6
\symAMSb=\mathgroup7
LaTeX Font Info:    Overwriting math alphabet `\mathfrak' in version `bold'
(Font)                  U/euf/m/n --> U/euf/b/n on input line 106.
)
(/usr/share/texlive/texmf-dist/tex/latex/amsfonts/amssymb.sty
Package: amssymb 2013/01/14 v3.01 AMS font symbols
) (./fancyhdr.sty
\fancy@headwidth=\skip49
\f@ncyO@elh=\skip50
\f@ncyO@erh=\skip51
\f@ncyO@olh=\skip52
\f@ncyO@orh=\skip53
\f@ncyO@elf=\skip54
\f@ncyO@erf=\skip55
\f@ncyO@olf=\skip56
\f@ncyO@orf=\skip57
) (./tocbibind.sty
Package: tocbibind 2003/03/13 v1.5g extra ToC listings


Package tocbibind Note: The document has section divisions.


Package tocbibind Note: Using section or other style headings.

)
\c@veta=\count102
\c@lemma=\count103
\c@tvrzeni=\count104
 (./Bak.aux)
\openout1 = `Bak.aux'.

LaTeX Font Info:    Checking defaults for OML/cmm/m/it on input line 73.
LaTeX Font Info:    ... okay on input line 73.
LaTeX Font Info:    Checking defaults for T1/cmr/m/n on input line 73.
LaTeX Font Info:    ... okay on input line 73.
LaTeX Font Info:    Checking defaults for OT1/cmr/m/n on input line 73.
LaTeX Font Info:    ... okay on input line 73.
LaTeX Font Info:    Checking defaults for OMS/cmsy/m/n on input line 73.
LaTeX Font Info:    ... okay on input line 73.
LaTeX Font Info:    Checking defaults for OMX/cmex/m/n on input line 73.
LaTeX Font Info:    ... okay on input line 73.
LaTeX Font Info:    Checking defaults for U/cmr/m/n on input line 73.
LaTeX Font Info:    ... okay on input line 73.
 (/usr/share/texlive/texmf-dist/tex/context/base/supp-pdf.mkii
[Loading MPS to PDF converter (version 2006.09.02).]
\scratchcounter=\count105
\scratchdimen=\dimen113
\scratchbox=\box28
\nofMPsegments=\count106
\nofMParguments=\count107
\everyMPshowfont=\toks25
\MPscratchCnt=\count108
\MPscratchDim=\dimen114
\MPnumerator=\count109
\makeMPintoPDFobject=\count110
\everyMPtoPDFconversion=\toks26
)
Missing character: There is no √ in font cmr17!
Missing character: There is no ° in font cmr17!
 [1

{/usr/share/texlive/texmf-dist/fonts/map/pdftex/updmap/pdftex.map}]
(./Bak.toc
LaTeX Font Info:    Try loading font information for U+lasy on input line 3.
 (/usr/share/texlive/texmf-dist/tex/latex/base/ulasy.fd
File: ulasy.fd 1998/08/17 v2.2e LaTeX symbol font definitions
)
LaTeX Font Info:    Try loading font information for U+msa on input line 3.

(/usr/share/texlive/texmf-dist/tex/latex/amsfonts/umsa.fd
File: umsa.fd 2013/01/14 v3.01 AMS symbols A
)
LaTeX Font Info:    Try loading font information for U+msb on input line 3.

(/usr/share/texlive/texmf-dist/tex/latex/amsfonts/umsb.fd
File: umsb.fd 2013/01/14 v3.01 AMS symbols B
))
\tf@toc=\write3
\openout3 = `Bak.toc'.

 [1]
Missing character: There is no √ in font cmr12!
Missing character: There is no Ω in font cmr12!
Missing character: There is no ≈ in font cmr12!
Missing character: There is no ô in font cmr12!
Missing character: There is no √ in font cmr12!
Missing character: There is no ≠ in font cmr12!
Missing character: There is no √ in font cmr12!
Missing character: There is no Ω in font cmr12!
Missing character: There is no ≈ in font cmr12!
Missing character: There is no ô in font cmr12!
Missing character: There is no √ in font cmr12!
Missing character: There is no ≠ in font cmr12!
Missing character: There is no √ in font cmr12!
Missing character: There is no © in font cmr12!
Missing character: There is no ƒ in font cmr12!
Missing character: There is no õ in font cmr12!
Missing character: There is no √ in font cmr12!
Missing character: There is no ° in font cmr12!
Missing character: There is no √ in font cmr12!
Missing character: There is no Ω in font cmr12!
Missing character: There is no ≈ in font cmr12!
Missing character: There is no ô in font cmr12!
Missing character: There is no √ in font cmr12!
Missing character: There is no ≠ in font cmr12!
Missing character: There is no ƒ in font cmr12!
Missing character: There is no õ in font cmr12!
Missing character: There is no ≈ in font cmr12!
Missing character: There is no æ in font cmr12!
Missing character: There is no √ in font cmr12!
Missing character: There is no Ω in font cmr12!
Missing character: There is no ƒ in font cmr12!
Missing character: There is no õ in font cmr12!
Missing character: There is no ƒ in font cmr12!
Missing character: There is no õ in font cmr12!
Missing character: There is no ƒ in font cmr12!
Missing character: There is no ç in font cmr12!
Missing character: There is no √ in font cmr12!
Missing character: There is no Ω in font cmr12!
Missing character: There is no ≈ in font cmr12!
Missing character: There is no ô in font cmr12!
Missing character: There is no √ in font cmr12!
Missing character: There is no ≠ in font cmr12!
Missing character: There is no √ in font cmr12!
Missing character: There is no Ω in font cmr12!
Missing character: There is no ≈ in font cmr12!
Missing character: There is no ô in font cmr12!
Missing character: There is no √ in font cmr12!
Missing character: There is no ≠ in font cmr12!
Missing character: There is no √ in font cmr12!
Missing character: There is no Ω in font cmr12!
Missing character: There is no ≈ in font cmr12!
Missing character: There is no ô in font cmr12!
Missing character: There is no √ in font cmr12!
Missing character: There is no ≠ in font cmr12!
Missing character: There is no √ in font cmr12!
Missing character: There is no Ω in font cmr12!
Missing character: There is no ≈ in font cmr12!
Missing character: There is no ô in font cmr12!
Missing character: There is no √ in font cmr12!
Missing character: There is no ≠ in font cmr12!
Missing character: There is no √ in font cmr12!
Missing character: There is no Ω in font cmr12!
Missing character: There is no ≈ in font cmr12!
Missing character: There is no ô in font cmr12!
Missing character: There is no √ in font cmr12!
Missing character: There is no ≠ in font cmr12!
Missing character: There is no √ in font cmr12!
Missing character: There is no Ω in font cmr12!
Missing character: There is no ≈ in font cmr12!
Missing character: There is no ô in font cmr12!
Missing character: There is no √ in font cmr12!
Missing character: There is no ≠ in font cmr12!
Missing character: There is no √ in font cmr12!
Missing character: There is no Ω in font cmr12!
Missing character: There is no ≈ in font cmr12!
Missing character: There is no ô in font cmr12!
Missing character: There is no √ in font cmr12!
Missing character: There is no ≠ in font cmr12!
Missing character: There is no √ in font cmbx12!
Missing character: There is no ¨ in font cmbx12!
Missing character: There is no √ in font cmr12!
Missing character: There is no ° in font cmr12!
Missing character: There is no √ in font cmr12!
Missing character: There is no ® in font cmr12!
Missing character: There is no √ in font cmr12!
Missing character: There is no ° in font cmr12!
Missing character: There is no √ in font cmr12!
Missing character: There is no ∏ in font cmr12!
Missing character: There is no √ in font cmr12!
Missing character: There is no ≠ in font cmr12!
Missing character: There is no √ in font cmr12!
Missing character: There is no ¨ in font cmr12!
Missing character: There is no √ in font cmr12!
Missing character: There is no ∏ in font cmr12!
Missing character: There is no √ in font cmr12!
Missing character: There is no ≠ in font cmr12!
Missing character: There is no ¬ in font cmr12!
Missing character: There is no û in font cmr12!
Missing character: There is no √ in font cmr12!
Missing character: There is no ≠ in font cmr12!
Missing character: There is no √ in font cmr12!
Missing character: There is no ° in font cmr12!
Missing character: There is no √ in font cmr12!
Missing character: There is no ∏ in font cmr12!
Missing character: There is no ¬ in font cmr12!
Missing character: There is no û in font cmr12!
Missing character: There is no √ in font cmr12!
Missing character: There is no ≠ in font cmr12!
 [2

] (./Bak.aux) ) 
Here is how much of TeX's memory you used:
 2726 strings out of 493312
 32793 string characters out of 6140262
 100579 words of memory out of 5000000
 6165 multiletter control sequences out of 15000+600000
 11121 words of font info for 43 fonts, out of 8000000 for 9000
 953 hyphenation exceptions out of 8191
 30i,12n,43p,393b,273s stack positions out of 5000i,500n,10000p,200000b,80000s
</usr/share/texlive/texmf-dist/fonts/type1/public/amsfonts/cm/cm
bx12.pfb></usr/share/texlive/texmf-dist/fonts/type1/public/amsfonts/cm/cmcsc10.
pfb></usr/share/texlive/texmf-dist/fonts/type1/public/amsfonts/cm/cmmi12.pfb></
usr/share/texlive/texmf-dist/fonts/type1/public/amsfonts/cm/cmr12.pfb></usr/sha
re/texlive/texmf-dist/fonts/type1/public/amsfonts/cm/cmr17.pfb></usr/share/texl
ive/texmf-dist/fonts/type1/public/amsfonts/cm/cmr8.pfb></usr/share/texlive/texm
f-dist/fonts/type1/public/amsfonts/cm/cmsl12.pfb></usr/share/texlive/texmf-dist
/fonts/type1/public/amsfonts/cm/cmsy10.pfb></usr/share/texlive/texmf-dist/fonts
/type1/public/amsfonts/cm/cmti12.pfb>
Output written on Bak.pdf (3 pages, 94352 bytes).
PDF statistics:
 50 PDF objects out of 1000 (max. 8388607)
 35 compressed objects within 1 object stream
 0 named destinations out of 1000 (max. 500000)
 1 words of extra memory for PDF output out of 10000 (max. 10000000)

