This is pdfTeX, Version 3.14159265-2.6-1.40.15 (TeX Live 2014) (preloaded format=pdflatex 2015.2.10)  10 FEB 2015 02:24
entering extended mode
 restricted \write18 enabled.
 file:line:error style messages enabled.
 %&-line parsing enabled.
**Bakala.tex
(./Bakala.tex
LaTeX2e <2011/06/27>
Babel <3.9k> and hyphenation patterns for 74 languages loaded.
(/usr/share/texlive/texmf-dist/tex/latex/base/article.cls
Document Class: article 2007/10/19 v1.4h Standard LaTeX document class
(/usr/share/texlive/texmf-dist/tex/latex/base/size10.clo
File: size10.clo 2007/10/19 v1.4h Standard LaTeX file (size option)
)
\c@part=\count79
\c@section=\count80
\c@subsection=\count81
\c@subsubsection=\count82
\c@paragraph=\count83
\c@subparagraph=\count84
\c@figure=\count85
\c@table=\count86
\abovecaptionskip=\skip41
\belowcaptionskip=\skip42
\bibindent=\dimen102
)
(/usr/share/texlive/texmf-dist/tex/generic/babel/czech.sty

/usr/share/texlive/texmf-dist/tex/generic/babel/czech.sty:75: Package babel Err
or: You are loading directly a language style.
(babel)                This syntax is deprecated and you must use
(babel)                \usepackage[language]{babel}.

See the babel package documentation for explanation.
Type  H <return>  for immediate help.
 ...                                              
                                                  
l.75     \bblstyerror
                     
? 
/usr/share/texlive/texmf-dist/tex/generic/babel/czech.sty:75: Emergency stop.
 ...                                              
                                                  
l.75     \bblstyerror
                     
You could proceed but don't complain if you run into errors

 
Here is how much of TeX's memory you used:
 204 strings out of 493342
 2522 string characters out of 6141540
 51688 words of memory out of 5000000
 3741 multiletter control sequences out of 15000+600000
 3640 words of font info for 14 fonts, out of 8000000 for 9000
 953 hyphenation exceptions out of 8191
 23i,0n,19p,137b,36s stack positions out of 5000i,500n,10000p,200000b,80000s
/usr/share/texlive/texmf-dist/tex/generic/babel/czech.sty:75:  ==> Fatal error 
occurred, no output PDF file produced!
