This is pdfTeX, Version 3.14159265-2.6-1.40.15 (TeX Live 2014) (preloaded format=pdflatex 2015.6.21)  15 SEP 2015 04:35
entering extended mode
 restricted \write18 enabled.
 %&-line parsing enabled.
**Lingvistika.tex
(./Lingvistika.tex
LaTeX2e <2011/06/27>
Babel <3.9k> and hyphenation patterns for 77 languages loaded.
(/usr/share/texlive/texmf-dist/tex/latex/base/article.cls
Document Class: article 2007/10/19 v1.4h Standard LaTeX document class
(/usr/share/texlive/texmf-dist/tex/latex/base/size12.clo
File: size12.clo 2007/10/19 v1.4h Standard LaTeX file (size option)
)
\c@part=\count79
\c@section=\count80
\c@subsection=\count81
\c@subsubsection=\count82
\c@paragraph=\count83
\c@subparagraph=\count84
\c@figure=\count85
\c@table=\count86
\abovecaptionskip=\skip41
\belowcaptionskip=\skip42
\bibindent=\dimen102
)
(/usr/share/texlive/texmf-dist/tex/latex/graphics/color.sty
Package: color 2005/11/14 v1.0j Standard LaTeX Color (DPC)

(/usr/share/texlive/texmf-dist/tex/latex/latexconfig/color.cfg
File: color.cfg 2007/01/18 v1.5 color configuration of teTeX/TeXLive
)
Package color Info: Driver file: pdftex.def on input line 130.

(/usr/share/texlive/texmf-dist/tex/latex/pdftex-def/pdftex.def
File: pdftex.def 2011/05/27 v0.06d Graphics/color for pdfTeX

(/usr/share/texlive/texmf-dist/tex/generic/oberdiek/infwarerr.sty
Package: infwarerr 2010/04/08 v1.3 Providing info/warning/error messages (HO)
)
(/usr/share/texlive/texmf-dist/tex/generic/oberdiek/ltxcmds.sty
Package: ltxcmds 2011/11/09 v1.22 LaTeX kernel commands for general use (HO)
)
\Gread@gobject=\count87
))
(/usr/share/texlive/texmf-dist/tex/generic/babel/babel.sty
Package: babel 2014/03/24 3.9k The Babel package

(/usr/share/texlive/texmf-dist/tex/generic/babel-czech/czech.ldf
Language: czech 2008/07/06 v3.1a Czech support from the babel system

(/usr/share/texlive/texmf-dist/tex/generic/babel/babel.def
File: babel.def 2014/03/24 3.9k Babel common definitions
\babel@savecnt=\count88
\U@D=\dimen103
)
Package babel Info: Making " an active character on input line 172.
\cs@wordlen=\count89
Package babel Info: Making - an active character on input line 226.
)) (./logdp.sty
Package: logdp 
\symmojecmr=\mathgroup4

\frenchspacing is now OFF.)
(/usr/share/texlive/texmf-dist/tex/latex/amscls/amsthm.sty
Package: amsthm 2004/08/06 v2.20
\thm@style=\toks14
\thm@bodyfont=\toks15
\thm@headfont=\toks16
\thm@notefont=\toks17
\thm@headpunct=\toks18
\thm@preskip=\skip43
\thm@postskip=\skip44
\thm@headsep=\skip45
\dth@everypar=\toks19
)
(/usr/share/texlive/texmf-dist/tex/latex/amsmath/amsmath.sty
Package: amsmath 2013/01/14 v2.14 AMS math features
\@mathmargin=\skip46

For additional information on amsmath, use the `?' option.
(/usr/share/texlive/texmf-dist/tex/latex/amsmath/amstext.sty
Package: amstext 2000/06/29 v2.01

(/usr/share/texlive/texmf-dist/tex/latex/amsmath/amsgen.sty
File: amsgen.sty 1999/11/30 v2.0
\@emptytoks=\toks20
\ex@=\dimen104
))
(/usr/share/texlive/texmf-dist/tex/latex/amsmath/amsbsy.sty
Package: amsbsy 1999/11/29 v1.2d
\pmbraise@=\dimen105
)
(/usr/share/texlive/texmf-dist/tex/latex/amsmath/amsopn.sty
Package: amsopn 1999/12/14 v2.01 operator names
)
\inf@bad=\count90
LaTeX Info: Redefining \frac on input line 210.
\uproot@=\count91
\leftroot@=\count92
LaTeX Info: Redefining \overline on input line 306.
\classnum@=\count93
\DOTSCASE@=\count94
LaTeX Info: Redefining \ldots on input line 378.
LaTeX Info: Redefining \dots on input line 381.
LaTeX Info: Redefining \cdots on input line 466.
\Mathstrutbox@=\box26
\strutbox@=\box27
\big@size=\dimen106
LaTeX Font Info:    Redeclaring font encoding OML on input line 566.
LaTeX Font Info:    Redeclaring font encoding OMS on input line 567.
\macc@depth=\count95
\c@MaxMatrixCols=\count96
\dotsspace@=\muskip10
\c@parentequation=\count97
\dspbrk@lvl=\count98
\tag@help=\toks21
\row@=\count99
\column@=\count100
\maxfields@=\count101
\andhelp@=\toks22
\eqnshift@=\dimen107
\alignsep@=\dimen108
\tagshift@=\dimen109
\tagwidth@=\dimen110
\totwidth@=\dimen111
\lineht@=\dimen112
\@envbody=\toks23
\multlinegap=\skip47
\multlinetaggap=\skip48
\mathdisplay@stack=\toks24
LaTeX Info: Redefining \[ on input line 2665.
LaTeX Info: Redefining \] on input line 2666.
)
(/usr/share/texlive/texmf-dist/tex/latex/base/latexsym.sty
Package: latexsym 1998/08/17 v2.2e Standard LaTeX package (lasy symbols)
\symlasy=\mathgroup5
LaTeX Font Info:    Overwriting symbol font `lasy' in version `bold'
(Font)                  U/lasy/m/n --> U/lasy/b/n on input line 47.
)
(/usr/share/texlive/texmf-dist/tex/latex/amsfonts/amsfonts.sty
Package: amsfonts 2013/01/14 v3.01 Basic AMSFonts support
\symAMSa=\mathgroup6
\symAMSb=\mathgroup7
LaTeX Font Info:    Overwriting math alphabet `\mathfrak' in version `bold'
(Font)                  U/euf/m/n --> U/euf/b/n on input line 106.
)
(/usr/share/texlive/texmf-dist/tex/latex/amsfonts/amssymb.sty
Package: amssymb 2013/01/14 v3.01 AMS font symbols
) (./fancyhdr.sty
\fancy@headwidth=\skip49
\f@ncyO@elh=\skip50
\f@ncyO@erh=\skip51
\f@ncyO@olh=\skip52
\f@ncyO@orh=\skip53
\f@ncyO@elf=\skip54
\f@ncyO@erf=\skip55
\f@ncyO@olf=\skip56
\f@ncyO@orf=\skip57
) (./tocbibind.sty
Package: tocbibind 2003/03/13 v1.5g extra ToC listings


Package tocbibind Note: The document has section divisions.


Package tocbibind Note: Using section or other style headings.

)
\c@veta=\count102
\c@lemma=\count103
\c@tvrzeni=\count104
 (./Lingvistika.aux)
\openout1 = `Lingvistika.aux'.

LaTeX Font Info:    Checking defaults for OML/cmm/m/it on input line 73.
LaTeX Font Info:    ... okay on input line 73.
LaTeX Font Info:    Checking defaults for T1/cmr/m/n on input line 73.
LaTeX Font Info:    ... okay on input line 73.
LaTeX Font Info:    Checking defaults for OT1/cmr/m/n on input line 73.
LaTeX Font Info:    ... okay on input line 73.
LaTeX Font Info:    Checking defaults for OMS/cmsy/m/n on input line 73.
LaTeX Font Info:    ... okay on input line 73.
LaTeX Font Info:    Checking defaults for OMX/cmex/m/n on input line 73.
LaTeX Font Info:    ... okay on input line 73.
LaTeX Font Info:    Checking defaults for U/cmr/m/n on input line 73.
LaTeX Font Info:    ... okay on input line 73.

(/usr/share/texlive/texmf-dist/tex/context/base/supp-pdf.mkii
[Loading MPS to PDF converter (version 2006.09.02).]
\scratchcounter=\count105
\scratchdimen=\dimen113
\scratchbox=\box28
\nofMPsegments=\count106
\nofMParguments=\count107
\everyMPshowfont=\toks25
\MPscratchCnt=\count108
\MPscratchDim=\dimen114
\MPnumerator=\count109
\makeMPintoPDFobject=\count110
\everyMPtoPDFconversion=\toks26
)
Missing character: There is no Ã in font cmr17!
Missing character: There is no ¡ in font cmr17!
 [1

{/usr/share/texlive/texmf-dist/fonts/map/pdftex/updmap/pdftex.map}]
(./Lingvistika.toc
LaTeX Font Info:    Try loading font information for U+lasy on input line 3.
 (/usr/share/texlive/texmf-dist/tex/latex/base/ulasy.fd
File: ulasy.fd 1998/08/17 v2.2e LaTeX symbol font definitions
)
LaTeX Font Info:    Try loading font information for U+msa on input line 3.

(/usr/share/texlive/texmf-dist/tex/latex/amsfonts/umsa.fd
File: umsa.fd 2013/01/14 v3.01 AMS symbols A
)
LaTeX Font Info:    Try loading font information for U+msb on input line 3.

(/usr/share/texlive/texmf-dist/tex/latex/amsfonts/umsb.fd
File: umsb.fd 2013/01/14 v3.01 AMS symbols B
))
\tf@toc=\write3
\openout3 = `Lingvistika.toc'.

 [1] [2

]
Underfull \hbox (badness 10000) in paragraph at lines 152--183

 []

[3

] [4

]
Overfull \hbox (13.67139pt too wide) in paragraph at lines 258--319
[]|
 []

[5

]
Underfull \hbox (badness 10000) in paragraph at lines 321--324

 []


Overfull \hbox (67.2008pt too wide) in paragraph at lines 325--372
\OT1/cmr/m/n/12 =zasl^^S^^Pben==^^Se=(adjectivum,[[fem;[sing,[2.p*3.p*6.p]],[pl
,[2.p*3.p*5.p]]],[mas l;pl,4.p],[mas|
 []


Underfull \hbox (badness 10000) in paragraph at lines 325--372

 []

[6

] [7]
Overfull \hbox (112.3086pt too wide) in paragraph at lines 374--420
\OT1/cmr/m/n/12 =t=o==(z^^Sajmn^^Seno uka-zo-vac^^S^^P, neu.;sg;1.p*4.p/^^Tc^^S
astice) =d^^S^^Pl=o=(substantivum,neu;sg;1.p*4.p*5.p) |
 []


Overfull \hbox (27.97058pt too wide) in paragraph at lines 374--420
\OT1/cmr/m/n/12 ne=postradteln==^^Se=(adjectivum, [fem;[sing,[2.p*3.p*6.p]],[pl
,[2.p*3.p*5.p]]],[mas|
 []


Overfull \hbox (5.13008pt too wide) in paragraph at lines 374--420
\OT1/cmr/m/n/12 =v^^Ts=echny==(z^^Sajmeno,[mas. l.;pl;4p],[mas n.;pl;[1.p*4.p.]
],[fem.;pl;[1.p*4.p.]] |
 []


Overfull \hbox (58.65082pt too wide) in paragraph at lines 374--420
\OT1/cmr/m/n/12 =zv^^S^^Pdav==^^Se=(adjectivum, [fem;[sing,[2.p*3.p*6.p]],[pl,[
2.p*3.p*5.p]]],[mas l;pl,4.p],[mas|
 []


Overfull \hbox (49.5773pt too wide) in paragraph at lines 374--420
\OT1/cmr/m/n/12 =lid=sk=^^Se=(adjectivum, [fem;[sing,[2.p*3.p*6.p]],[pl,[2.p*3.
p*5.p]]],[mas l;pl,4.p],[mas|
 []


Overfull \hbox (50.81757pt too wide) in paragraph at lines 374--420
\OT1/cmr/m/n/12 =jemn==^^Se=(adjectivum, [fem;[sing,[2.p*3.p*6.p]],[pl,[2.p*3.p
*5.p]]],[mas l;pl,4.p],[mas|
 []


Overfull \hbox (4.73193pt too wide) in paragraph at lines 374--420
\OT1/cmr/m/n/12 =znamenit==^^Se=(adjectivum, [fem;[sing,[2.p*3.p*6.p]],[pl,[2.p
*3.p*5.p]]],[mas|
 []


Overfull \hbox (46.31213pt too wide) in paragraph at lines 374--420
\OT1/cmr/m/n/12 =tak^^Se===(p^^Tr^^S^^Pslovce/^^Tc^^Sastice/z^^Sajm^^Seno [fem;
[sing,[2.p*3.p*6.p]],[pl,[2.p*3.p*5.p]]],[mas|
 []


Overfull \hbox (226.2889pt too wide) in paragraph at lines 374--420
\OT1/cmr/m/n/12 ==je^^Tz==(zajmeno vzta^^Tzn^^Se,[fem;sg;1.p.],[neut;sg;1.p.*4p
.],[mus l. ;sg;4.p],[ostat.rody.;pl;1.p.*4.p.]/verb,2.os;pl;act;rozkaz)|
 []


Underfull \hbox (badness 10000) in paragraph at lines 374--420

 []

[8

] [9]
Underfull \hbox (badness 10000) in paragraph at lines 422--424

 []


Underfull \hbox (badness 10000) in paragraph at lines 425--430

 []

[10

] (./Lingvistika.aux) ) 
Here is how much of TeX's memory you used:
 2726 strings out of 493312
 32866 string characters out of 6140261
 101582 words of memory out of 5000000
 6166 multiletter control sequences out of 15000+600000
 10774 words of font info for 42 fonts, out of 8000000 for 9000
 953 hyphenation exceptions out of 8191
 28i,12n,43p,507b,273s stack positions out of 5000i,500n,10000p,200000b,80000s
</usr/share/texlive/texmf-dist/fonts/type1/public/amsfon
ts/cm/cmbx12.pfb></usr/share/texlive/texmf-dist/fonts/type1/public/amsfonts/cm/
cmcsc10.pfb></usr/share/texlive/texmf-dist/fonts/type1/public/amsfonts/cm/cmmi1
2.pfb></usr/share/texlive/texmf-dist/fonts/type1/public/amsfonts/cm/cmr12.pfb><
/usr/share/texlive/texmf-dist/fonts/type1/public/amsfonts/cm/cmr17.pfb></usr/sh
are/texlive/texmf-dist/fonts/type1/public/amsfonts/cm/cmsl12.pfb></usr/share/te
xlive/texmf-dist/fonts/type1/public/amsfonts/cm/cmsy10.pfb>
Output written on Lingvistika.pdf (11 pages, 96126 bytes).
PDF statistics:
 68 PDF objects out of 1000 (max. 8388607)
 47 compressed objects within 1 object stream
 0 named destinations out of 1000 (max. 500000)
 1 words of extra memory for PDF output out of 10000 (max. 10000000)

