This is pdfTeX, Version 3.14159265-2.6-1.40.15 (TeX Live 2014) (preloaded format=pdflatex 2015.2.10)  10 FEB 2015 02:33
entering extended mode
 restricted \write18 enabled.
 file:line:error style messages enabled.
 %&-line parsing enabled.
**vsehochut.sty
(./vsehochut.sty
LaTeX2e <2011/06/27>
Babel <3.9k> and hyphenation patterns for 74 languages loaded.

LaTeX Warning: You have requested package `',
               but the package provides `vsehochut'.

Package: vsehochut 
\symmojecmr=\mathgroup4

./vsehochut.sty:7: LaTeX Error: \refname undefined.

See the LaTeX manual or LaTeX Companion for explanation.
Type  H <return>  for immediate help.
 ...                                              
                                                  
l.7 \renewcommand{\refname}
                           {Literatura}
? 
./vsehochut.sty:7: Emergency stop.
 ...                                              
                                                  
l.7 \renewcommand{\refname}
                           {Literatura}
Try typing  <return>  to proceed.
If that doesn't work, type  X <return>  to quit.

 
Here is how much of TeX's memory you used:
 11 strings out of 493342
 291 string characters out of 6141540
 51419 words of memory out of 5000000
 3559 multiletter control sequences out of 15000+600000
 3640 words of font info for 14 fonts, out of 8000000 for 9000
 953 hyphenation exceptions out of 8191
 7i,0n,15p,90b,19s stack positions out of 5000i,500n,10000p,200000b,80000s
./vsehochut.sty:7:  ==> Fatal error occurred, no output PDF file produced!
